0 info it worked if it ends with ok
1 verbose cli [ '/usr/local/bin/node',
1 verbose cli   '/usr/local/bin/npm',
1 verbose cli   'install',
1 verbose cli   '--save-dev',
1 verbose cli   'react-hot-loader' ]
2 info using npm@2.15.9
3 info using node@v4.5.0
4 verbose install initial load of /Users/jondubya/Desktop/c4q/week-20/mosquito-app/package.json
5 warn package.json mosquito-app@1.0.0 No repository field.
6 warn package.json mosquito-app@1.0.0 No README data
7 verbose installManyTop reading scoped package data from /Users/jondubya/Desktop/c4q/week-20/mosquito-app/node_modules/babel-core/package.json
8 verbose installManyTop reading scoped package data from /Users/jondubya/Desktop/c4q/week-20/mosquito-app/node_modules/babel-loader/package.json
9 verbose installManyTop reading scoped package data from /Users/jondubya/Desktop/c4q/week-20/mosquito-app/node_modules/babel-preset-es2015/package.json
10 verbose installManyTop reading scoped package data from /Users/jondubya/Desktop/c4q/week-20/mosquito-app/node_modules/babel-preset-react/package.json
11 verbose installManyTop reading scoped package data from /Users/jondubya/Desktop/c4q/week-20/mosquito-app/node_modules/body-parser/package.json
12 verbose installManyTop reading scoped package data from /Users/jondubya/Desktop/c4q/week-20/mosquito-app/node_modules/brfs/package.json
13 verbose installManyTop reading scoped package data from /Users/jondubya/Desktop/c4q/week-20/mosquito-app/node_modules/debug/package.json
14 verbose installManyTop reading scoped package data from /Users/jondubya/Desktop/c4q/week-20/mosquito-app/node_modules/express/package.json
15 verbose installManyTop reading scoped package data from /Users/jondubya/Desktop/c4q/week-20/mosquito-app/node_modules/jquery/package.json
16 verbose installManyTop reading scoped package data from /Users/jondubya/Desktop/c4q/week-20/mosquito-app/node_modules/lodash/package.json
17 verbose installManyTop reading scoped package data from /Users/jondubya/Desktop/c4q/week-20/mosquito-app/node_modules/ms/package.json
18 verbose installManyTop reading scoped package data from /Users/jondubya/Desktop/c4q/week-20/mosquito-app/node_modules/nodemon/package.json
19 verbose installManyTop reading scoped package data from /Users/jondubya/Desktop/c4q/week-20/mosquito-app/node_modules/pg/package.json
20 verbose installManyTop reading scoped package data from /Users/jondubya/Desktop/c4q/week-20/mosquito-app/node_modules/pg-hstore/package.json
21 verbose installManyTop reading scoped package data from /Users/jondubya/Desktop/c4q/week-20/mosquito-app/node_modules/react/package.json
22 verbose installManyTop reading scoped package data from /Users/jondubya/Desktop/c4q/week-20/mosquito-app/node_modules/react-canvas/package.json
23 verbose installManyTop reading scoped package data from /Users/jondubya/Desktop/c4q/week-20/mosquito-app/node_modules/react-dom/package.json
24 verbose installManyTop reading scoped package data from /Users/jondubya/Desktop/c4q/week-20/mosquito-app/node_modules/react-router/package.json
25 verbose installManyTop reading scoped package data from /Users/jondubya/Desktop/c4q/week-20/mosquito-app/node_modules/sequelize/package.json
26 verbose installManyTop reading scoped package data from /Users/jondubya/Desktop/c4q/week-20/mosquito-app/node_modules/sequelize-cli/package.json
27 verbose installManyTop reading scoped package data from /Users/jondubya/Desktop/c4q/week-20/mosquito-app/node_modules/terraformer/package.json
28 verbose installManyTop reading scoped package data from /Users/jondubya/Desktop/c4q/week-20/mosquito-app/node_modules/transform-loader/package.json
29 verbose installManyTop reading scoped package data from /Users/jondubya/Desktop/c4q/week-20/mosquito-app/node_modules/webpack/package.json
30 info package.json pg-hstore@2.3.2 No license field.
31 info package.json transform-loader@0.2.3 No license field.
32 verbose readDependencies loading dependencies from /Users/jondubya/Desktop/c4q/week-20/mosquito-app/package.json
33 silly cache add args [ 'react-hot-loader', null ]
34 verbose cache add spec react-hot-loader
35 silly cache add parsed spec Result {
35 silly cache add   raw: 'react-hot-loader',
35 silly cache add   scope: null,
35 silly cache add   name: 'react-hot-loader',
35 silly cache add   rawSpec: '',
35 silly cache add   spec: 'latest',
35 silly cache add   type: 'tag' }
36 silly addNamed react-hot-loader@latest
37 verbose addNamed "latest" is being treated as a dist-tag for react-hot-loader
38 info addNameTag [ 'react-hot-loader', 'latest' ]
39 silly mapToRegistry name react-hot-loader
40 silly mapToRegistry using default registry
41 silly mapToRegistry registry https://registry.npmjs.org/
42 silly mapToRegistry data Result {
42 silly mapToRegistry   raw: 'react-hot-loader',
42 silly mapToRegistry   scope: null,
42 silly mapToRegistry   name: 'react-hot-loader',
42 silly mapToRegistry   rawSpec: '',
42 silly mapToRegistry   spec: 'latest',
42 silly mapToRegistry   type: 'tag' }
43 silly mapToRegistry uri https://registry.npmjs.org/react-hot-loader
44 verbose addNameTag registry:https://registry.npmjs.org/react-hot-loader not in flight; fetching
45 verbose request uri https://registry.npmjs.org/react-hot-loader
46 verbose request no auth needed
47 info attempt registry request try #1 at 9:11:41 PM
48 verbose request id 398bc52fe8858dbf
49 verbose etag W/"584fc965-1c8be"
50 verbose lastModified Tue, 13 Dec 2016 10:11:49 GMT
51 http request GET https://registry.npmjs.org/react-hot-loader
52 http 304 https://registry.npmjs.org/react-hot-loader
53 verbose headers { date: 'Tue, 27 Dec 2016 02:11:41 GMT',
53 verbose headers   via: '1.1 varnish',
53 verbose headers   'cache-control': 'max-age=300',
53 verbose headers   etag: 'W/"584fc965-1c8be"',
53 verbose headers   age: '153',
53 verbose headers   connection: 'keep-alive',
53 verbose headers   'x-served-by': 'cache-jfk8141-JFK',
53 verbose headers   'x-cache': 'HIT',
53 verbose headers   'x-cache-hits': '1',
53 verbose headers   'x-timer': 'S1482804701.558145,VS0,VE0',
53 verbose headers   vary: 'Accept-Encoding' }
54 silly get cb [ 304,
54 silly get   { date: 'Tue, 27 Dec 2016 02:11:41 GMT',
54 silly get     via: '1.1 varnish',
54 silly get     'cache-control': 'max-age=300',
54 silly get     etag: 'W/"584fc965-1c8be"',
54 silly get     age: '153',
54 silly get     connection: 'keep-alive',
54 silly get     'x-served-by': 'cache-jfk8141-JFK',
54 silly get     'x-cache': 'HIT',
54 silly get     'x-cache-hits': '1',
54 silly get     'x-timer': 'S1482804701.558145,VS0,VE0',
54 silly get     vary: 'Accept-Encoding' } ]
55 verbose etag https://registry.npmjs.org/react-hot-loader from cache
56 verbose get saving react-hot-loader to /Users/jondubya/.npm/registry.npmjs.org/react-hot-loader/.cache.json
57 verbose correctMkdir /Users/jondubya/.npm correctMkdir not in flight; initializing
58 silly addNameTag next cb for react-hot-loader with tag latest
59 silly addNamed react-hot-loader@1.3.1
60 verbose addNamed "1.3.1" is a plain semver version for react-hot-loader
61 silly cache afterAdd react-hot-loader@1.3.1
62 verbose afterAdd /Users/jondubya/.npm/react-hot-loader/1.3.1/package/package.json not in flight; writing
63 verbose correctMkdir /Users/jondubya/.npm correctMkdir not in flight; initializing
64 verbose afterAdd /Users/jondubya/.npm/react-hot-loader/1.3.1/package/package.json written
65 silly install resolved [ { name: 'react-hot-loader',
65 silly install resolved     version: '1.3.1',
65 silly install resolved     description: 'Tweak React components in real time.',
65 silly install resolved     main: 'index.js',
65 silly install resolved     dependencies: { 'react-hot-api': '^0.4.5', 'source-map': '^0.4.4' },
65 silly install resolved     repository:
65 silly install resolved      { type: 'git',
65 silly install resolved        url: 'git+https://github.com/gaearon/react-hot-loader.git' },
65 silly install resolved     keywords:
65 silly install resolved      [ 'react',
65 silly install resolved        'javascript',
65 silly install resolved        'webpack',
65 silly install resolved        'hmr',
65 silly install resolved        'livereload',
65 silly install resolved        'live',
65 silly install resolved        'edit',
65 silly install resolved        'hot',
65 silly install resolved        'loader',
65 silly install resolved        'reload' ],
65 silly install resolved     author: { name: 'Dan Abramov' },
65 silly install resolved     license: 'MIT',
65 silly install resolved     bugs: { url: 'https://github.com/gaearon/react-hot-loader/issues' },
65 silly install resolved     homepage: 'https://github.com/gaearon/react-hot-loader',
65 silly install resolved     gitHead: '34ee0dd3c0d9ebe996ffc42ecf66825b3e79ebe9',
65 silly install resolved     _id: 'react-hot-loader@1.3.1',
65 silly install resolved     scripts: {},
65 silly install resolved     _shasum: 'c95647ae78b73dfceff6ec71ffcb04182ff6daf9',
65 silly install resolved     _from: 'react-hot-loader@latest',
65 silly install resolved     _npmVersion: '3.10.3',
65 silly install resolved     _nodeVersion: '6.4.0',
65 silly install resolved     _npmUser: { name: 'calesce', email: 'newman.cale@gmail.com' },
65 silly install resolved     dist:
65 silly install resolved      { shasum: 'c95647ae78b73dfceff6ec71ffcb04182ff6daf9',
65 silly install resolved        tarball: 'https://registry.npmjs.org/react-hot-loader/-/react-hot-loader-1.3.1.tgz' },
65 silly install resolved     maintainers: [ [Object], [Object] ],
65 silly install resolved     _npmOperationalInternal:
65 silly install resolved      { host: 'packages-12-west.internal.npmjs.com',
65 silly install resolved        tmp: 'tmp/react-hot-loader-1.3.1.tgz_1480336043809_0.4542837464250624' },
65 silly install resolved     directories: {},
65 silly install resolved     _resolved: 'https://registry.npmjs.org/react-hot-loader/-/react-hot-loader-1.3.1.tgz',
65 silly install resolved     readme: 'ERROR: No README data found!' } ]
66 info install react-hot-loader@1.3.1 into /Users/jondubya/Desktop/c4q/week-20/mosquito-app
67 info installOne react-hot-loader@1.3.1
68 verbose installOne of react-hot-loader to /Users/jondubya/Desktop/c4q/week-20/mosquito-app not in flight; installing
69 verbose correctMkdir /Users/jondubya/.npm/_locks correctMkdir not in flight; initializing
70 verbose lock using /Users/jondubya/.npm/_locks/react-hot-loader-e3a030a80571b598.lock for /Users/jondubya/Desktop/c4q/week-20/mosquito-app/node_modules/react-hot-loader
71 silly install write writing react-hot-loader 1.3.1 to /Users/jondubya/Desktop/c4q/week-20/mosquito-app/node_modules/react-hot-loader
72 verbose unbuild node_modules/react-hot-loader
73 silly gentlyRm /Users/jondubya/Desktop/c4q/week-20/mosquito-app/node_modules/react-hot-loader is being purged from base /Users/jondubya/Desktop/c4q/week-20/mosquito-app
74 verbose gentlyRm don't care about contents; nuking /Users/jondubya/Desktop/c4q/week-20/mosquito-app/node_modules/react-hot-loader
75 verbose tar unpack /Users/jondubya/.npm/react-hot-loader/1.3.1/package.tgz
76 verbose tar unpacking to /Users/jondubya/Desktop/c4q/week-20/mosquito-app/node_modules/react-hot-loader
77 silly gentlyRm /Users/jondubya/Desktop/c4q/week-20/mosquito-app/node_modules/react-hot-loader is being purged
78 verbose gentlyRm don't care about contents; nuking /Users/jondubya/Desktop/c4q/week-20/mosquito-app/node_modules/react-hot-loader
79 silly gunzTarPerm modes [ '755', '644' ]
80 silly gunzTarPerm extractEntry package.json
81 silly gunzTarPerm extractEntry .npmignore
82 silly gunzTarPerm extractEntry README.md
83 silly gunzTarPerm extractEntry RootInstanceProvider.js
84 silly gunzTarPerm extractEntry Injection.js
85 silly gunzTarPerm extractEntry index.js
86 silly gunzTarPerm extractEntry isReactClassish.js
87 silly gunzTarPerm extractEntry isReactElementish.js
88 silly gunzTarPerm extractEntry makeExportsHot.js
89 silly gunzTarPerm extractEntry makeIdentitySourceMap.js
90 silly gunzTarPerm extractEntry getRootInstancesFromReactMount.js
91 silly gunzTarPerm extractEntry PATRONS.md
92 silly gunzTarPerm extractEntry .jshintrc
93 silly gunzTarPerm extractEntry CHANGELOG.md
94 silly gunzTarPerm extractEntry ISSUE_TEMPLATE.md
95 silly gunzTarPerm extractEntry example/README.md
96 silly gunzTarPerm extractEntry docs/README.md
97 silly gunzTarPerm extractEntry docs/Troubleshooting.md
98 verbose write writing to /Users/jondubya/Desktop/c4q/week-20/mosquito-app/node_modules/react-hot-loader/package.json
99 info preinstall react-hot-loader@1.3.1
100 verbose readDependencies loading dependencies from /Users/jondubya/Desktop/c4q/week-20/mosquito-app/node_modules/react-hot-loader/package.json
101 silly prepareForInstallMany adding react-hot-api@^0.4.5 from react-hot-loader dependencies
102 silly prepareForInstallMany adding source-map@^0.4.4 from react-hot-loader dependencies
103 verbose readDependencies loading dependencies from /Users/jondubya/Desktop/c4q/week-20/mosquito-app/node_modules/react-hot-loader/package.json
104 silly cache add args [ 'source-map@^0.4.4', null ]
105 verbose cache add spec source-map@^0.4.4
106 silly cache add parsed spec Result {
106 silly cache add   raw: 'source-map@^0.4.4',
106 silly cache add   scope: null,
106 silly cache add   name: 'source-map',
106 silly cache add   rawSpec: '^0.4.4',
106 silly cache add   spec: '>=0.4.4 <0.5.0',
106 silly cache add   type: 'range' }
107 silly addNamed source-map@>=0.4.4 <0.5.0
108 verbose addNamed ">=0.4.4 <0.5.0" is a valid semver range for source-map
109 silly addNameRange { name: 'source-map', range: '>=0.4.4 <0.5.0', hasData: false }
110 silly mapToRegistry name source-map
111 silly mapToRegistry using default registry
112 silly mapToRegistry registry https://registry.npmjs.org/
113 silly mapToRegistry data Result {
113 silly mapToRegistry   raw: 'source-map',
113 silly mapToRegistry   scope: null,
113 silly mapToRegistry   name: 'source-map',
113 silly mapToRegistry   rawSpec: '',
113 silly mapToRegistry   spec: 'latest',
113 silly mapToRegistry   type: 'tag' }
114 silly mapToRegistry uri https://registry.npmjs.org/source-map
115 verbose addNameRange registry:https://registry.npmjs.org/source-map not in flight; fetching
116 silly cache add args [ 'react-hot-api@^0.4.5', null ]
117 verbose cache add spec react-hot-api@^0.4.5
118 silly cache add parsed spec Result {
118 silly cache add   raw: 'react-hot-api@^0.4.5',
118 silly cache add   scope: null,
118 silly cache add   name: 'react-hot-api',
118 silly cache add   rawSpec: '^0.4.5',
118 silly cache add   spec: '>=0.4.5 <0.5.0',
118 silly cache add   type: 'range' }
119 silly addNamed react-hot-api@>=0.4.5 <0.5.0
120 verbose addNamed ">=0.4.5 <0.5.0" is a valid semver range for react-hot-api
121 silly addNameRange { name: 'react-hot-api',
121 silly addNameRange   range: '>=0.4.5 <0.5.0',
121 silly addNameRange   hasData: false }
122 silly mapToRegistry name react-hot-api
123 silly mapToRegistry using default registry
124 silly mapToRegistry registry https://registry.npmjs.org/
125 silly mapToRegistry data Result {
125 silly mapToRegistry   raw: 'react-hot-api',
125 silly mapToRegistry   scope: null,
125 silly mapToRegistry   name: 'react-hot-api',
125 silly mapToRegistry   rawSpec: '',
125 silly mapToRegistry   spec: 'latest',
125 silly mapToRegistry   type: 'tag' }
126 silly mapToRegistry uri https://registry.npmjs.org/react-hot-api
127 verbose addNameRange registry:https://registry.npmjs.org/react-hot-api not in flight; fetching
128 verbose request uri https://registry.npmjs.org/source-map
129 verbose request no auth needed
130 info attempt registry request try #1 at 9:11:41 PM
131 verbose etag W/"5857b719-2524b"
132 verbose lastModified Mon, 19 Dec 2016 10:31:53 GMT
133 http request GET https://registry.npmjs.org/source-map
134 verbose request uri https://registry.npmjs.org/react-hot-api
135 verbose request no auth needed
136 info attempt registry request try #1 at 9:11:41 PM
137 verbose etag W/"560925cf-a7d4"
138 verbose lastModified Mon, 28 Sep 2015 11:34:39 GMT
139 http request GET https://registry.npmjs.org/react-hot-api
140 http 304 https://registry.npmjs.org/source-map
141 verbose headers { date: 'Tue, 27 Dec 2016 02:11:41 GMT',
141 verbose headers   via: '1.1 varnish',
141 verbose headers   'cache-control': 'max-age=300',
141 verbose headers   etag: 'W/"5857b719-2524b"',
141 verbose headers   age: '42',
141 verbose headers   connection: 'keep-alive',
141 verbose headers   'x-served-by': 'cache-jfk8141-JFK',
141 verbose headers   'x-cache': 'HIT',
141 verbose headers   'x-cache-hits': '2',
141 verbose headers   'x-timer': 'S1482804701.729333,VS0,VE0',
141 verbose headers   vary: 'Accept-Encoding' }
142 silly get cb [ 304,
142 silly get   { date: 'Tue, 27 Dec 2016 02:11:41 GMT',
142 silly get     via: '1.1 varnish',
142 silly get     'cache-control': 'max-age=300',
142 silly get     etag: 'W/"5857b719-2524b"',
142 silly get     age: '42',
142 silly get     connection: 'keep-alive',
142 silly get     'x-served-by': 'cache-jfk8141-JFK',
142 silly get     'x-cache': 'HIT',
142 silly get     'x-cache-hits': '2',
142 silly get     'x-timer': 'S1482804701.729333,VS0,VE0',
142 silly get     vary: 'Accept-Encoding' } ]
143 verbose etag https://registry.npmjs.org/source-map from cache
144 verbose get saving source-map to /Users/jondubya/.npm/registry.npmjs.org/source-map/.cache.json
145 verbose correctMkdir /Users/jondubya/.npm correctMkdir not in flight; initializing
146 silly addNameRange number 2 { name: 'source-map', range: '>=0.4.4 <0.5.0', hasData: true }
147 silly addNameRange versions [ 'source-map',
147 silly addNameRange   [ '0.0.0',
147 silly addNameRange     '0.1.0',
147 silly addNameRange     '0.1.1',
147 silly addNameRange     '0.1.2',
147 silly addNameRange     '0.1.3',
147 silly addNameRange     '0.1.4',
147 silly addNameRange     '0.1.5',
147 silly addNameRange     '0.1.6',
147 silly addNameRange     '0.1.7',
147 silly addNameRange     '0.1.8',
147 silly addNameRange     '0.1.9',
147 silly addNameRange     '0.1.10',
147 silly addNameRange     '0.1.11',
147 silly addNameRange     '0.1.12',
147 silly addNameRange     '0.1.13',
147 silly addNameRange     '0.1.14',
147 silly addNameRange     '0.1.15',
147 silly addNameRange     '0.1.16',
147 silly addNameRange     '0.1.17',
147 silly addNameRange     '0.1.18',
147 silly addNameRange     '0.1.19',
147 silly addNameRange     '0.1.20',
147 silly addNameRange     '0.1.21',
147 silly addNameRange     '0.1.22',
147 silly addNameRange     '0.1.23',
147 silly addNameRange     '0.1.24',
147 silly addNameRange     '0.1.25',
147 silly addNameRange     '0.1.26',
147 silly addNameRange     '0.1.27',
147 silly addNameRange     '0.1.28',
147 silly addNameRange     '0.1.29',
147 silly addNameRange     '0.1.30',
147 silly addNameRange     '0.1.31',
147 silly addNameRange     '0.1.32',
147 silly addNameRange     '0.1.33',
147 silly addNameRange     '0.1.34',
147 silly addNameRange     '0.1.35',
147 silly addNameRange     '0.1.36',
147 silly addNameRange     '0.1.37',
147 silly addNameRange     '0.1.38',
147 silly addNameRange     '0.1.39',
147 silly addNameRange     '0.1.40',
147 silly addNameRange     '0.1.41',
147 silly addNameRange     '0.1.42',
147 silly addNameRange     '0.1.43',
147 silly addNameRange     '0.2.0',
147 silly addNameRange     '0.3.0',
147 silly addNameRange     '0.4.0',
147 silly addNameRange     '0.4.1',
147 silly addNameRange     '0.4.2',
147 silly addNameRange     '0.4.3',
147 silly addNameRange     '0.4.4',
147 silly addNameRange     '0.5.0',
147 silly addNameRange     '0.5.1',
147 silly addNameRange     '0.5.2',
147 silly addNameRange     '0.5.3',
147 silly addNameRange     '0.5.4',
147 silly addNameRange     '0.5.5',
147 silly addNameRange     '0.5.6' ] ]
148 silly addNamed source-map@0.4.4
149 verbose addNamed "0.4.4" is a plain semver version for source-map
150 silly cache afterAdd source-map@0.4.4
151 verbose afterAdd /Users/jondubya/.npm/source-map/0.4.4/package/package.json not in flight; writing
152 verbose correctMkdir /Users/jondubya/.npm correctMkdir not in flight; initializing
153 verbose afterAdd /Users/jondubya/.npm/source-map/0.4.4/package/package.json written
154 http 304 https://registry.npmjs.org/react-hot-api
155 verbose headers { date: 'Tue, 27 Dec 2016 02:11:41 GMT',
155 verbose headers   via: '1.1 varnish',
155 verbose headers   'cache-control': 'max-age=300',
155 verbose headers   etag: 'W/"560925cf-a7d4"',
155 verbose headers   age: '124',
155 verbose headers   connection: 'keep-alive',
155 verbose headers   'x-served-by': 'cache-jfk8147-JFK',
155 verbose headers   'x-cache': 'HIT',
155 verbose headers   'x-cache-hits': '1',
155 verbose headers   'x-timer': 'S1482804701.896980,VS0,VE0',
155 verbose headers   vary: 'Accept-Encoding' }
156 silly get cb [ 304,
156 silly get   { date: 'Tue, 27 Dec 2016 02:11:41 GMT',
156 silly get     via: '1.1 varnish',
156 silly get     'cache-control': 'max-age=300',
156 silly get     etag: 'W/"560925cf-a7d4"',
156 silly get     age: '124',
156 silly get     connection: 'keep-alive',
156 silly get     'x-served-by': 'cache-jfk8147-JFK',
156 silly get     'x-cache': 'HIT',
156 silly get     'x-cache-hits': '1',
156 silly get     'x-timer': 'S1482804701.896980,VS0,VE0',
156 silly get     vary: 'Accept-Encoding' } ]
157 verbose etag https://registry.npmjs.org/react-hot-api from cache
158 verbose get saving react-hot-api to /Users/jondubya/.npm/registry.npmjs.org/react-hot-api/.cache.json
159 verbose correctMkdir /Users/jondubya/.npm correctMkdir not in flight; initializing
160 silly addNameRange number 2 { name: 'react-hot-api', range: '>=0.4.5 <0.5.0', hasData: true }
161 silly addNameRange versions [ 'react-hot-api',
161 silly addNameRange   [ '0.1.0',
161 silly addNameRange     '0.1.1',
161 silly addNameRange     '0.1.2',
161 silly addNameRange     '0.1.3',
161 silly addNameRange     '0.1.4',
161 silly addNameRange     '0.1.5',
161 silly addNameRange     '0.1.6',
161 silly addNameRange     '0.2.0',
161 silly addNameRange     '0.2.1',
161 silly addNameRange     '0.2.2',
161 silly addNameRange     '0.3.0',
161 silly addNameRange     '0.3.1',
161 silly addNameRange     '0.3.2',
161 silly addNameRange     '0.3.3',
161 silly addNameRange     '0.3.4',
161 silly addNameRange     '0.3.5',
161 silly addNameRange     '0.3.6',
161 silly addNameRange     '0.3.7',
161 silly addNameRange     '0.4.0',
161 silly addNameRange     '0.4.1',
161 silly addNameRange     '0.4.2',
161 silly addNameRange     '0.4.3',
161 silly addNameRange     '0.4.4',
161 silly addNameRange     '0.4.5',
161 silly addNameRange     '0.4.6',
161 silly addNameRange     '0.5.0-alpha',
161 silly addNameRange     '0.5.0-alpha-1',
161 silly addNameRange     '0.5.0-alpha-2',
161 silly addNameRange     '0.5.0-alpha-3',
161 silly addNameRange     '0.5.0',
161 silly addNameRange     '0.4.7' ] ]
162 silly addNamed react-hot-api@0.4.7
163 verbose addNamed "0.4.7" is a plain semver version for react-hot-api
164 silly cache afterAdd react-hot-api@0.4.7
165 verbose afterAdd /Users/jondubya/.npm/react-hot-api/0.4.7/package/package.json not in flight; writing
166 verbose correctMkdir /Users/jondubya/.npm correctMkdir not in flight; initializing
167 verbose afterAdd /Users/jondubya/.npm/react-hot-api/0.4.7/package/package.json written
168 silly install resolved [ { name: 'source-map',
168 silly install resolved     description: 'Generates and consumes source maps',
168 silly install resolved     version: '0.4.4',
168 silly install resolved     homepage: 'https://github.com/mozilla/source-map',
168 silly install resolved     author: { name: 'Nick Fitzgerald', email: 'nfitzgerald@mozilla.com' },
168 silly install resolved     contributors:
168 silly install resolved      [ [Object],
168 silly install resolved        [Object],
168 silly install resolved        [Object],
168 silly install resolved        [Object],
168 silly install resolved        [Object],
168 silly install resolved        [Object],
168 silly install resolved        [Object],
168 silly install resolved        [Object],
168 silly install resolved        [Object],
168 silly install resolved        [Object],
168 silly install resolved        [Object],
168 silly install resolved        [Object],
168 silly install resolved        [Object],
168 silly install resolved        [Object],
168 silly install resolved        [Object],
168 silly install resolved        [Object],
168 silly install resolved        [Object],
168 silly install resolved        [Object],
168 silly install resolved        [Object],
168 silly install resolved        [Object],
168 silly install resolved        [Object],
168 silly install resolved        [Object],
168 silly install resolved        [Object],
168 silly install resolved        [Object],
168 silly install resolved        [Object],
168 silly install resolved        [Object],
168 silly install resolved        [Object],
168 silly install resolved        [Object],
168 silly install resolved        [Object],
168 silly install resolved        [Object],
168 silly install resolved        [Object],
168 silly install resolved        [Object],
168 silly install resolved        [Object] ],
168 silly install resolved     repository:
168 silly install resolved      { type: 'git',
168 silly install resolved        url: 'git+ssh://git@github.com/mozilla/source-map.git' },
168 silly install resolved     directories: { lib: './lib' },
168 silly install resolved     main: './lib/source-map.js',
168 silly install resolved     files: [ 'lib/', 'build/' ],
168 silly install resolved     engines: { node: '>=0.8.0' },
168 silly install resolved     license: 'BSD-3-Clause',
168 silly install resolved     dependencies: { amdefine: '>=0.0.4' },
168 silly install resolved     devDependencies: { dryice: '>=0.4.8' },
168 silly install resolved     scripts:
168 silly install resolved      { test: 'node test/run-tests.js',
168 silly install resolved        build: 'node Makefile.dryice.js' },
168 silly install resolved     bugs: { url: 'https://github.com/mozilla/source-map/issues' },
168 silly install resolved     _id: 'source-map@0.4.4',
168 silly install resolved     _shasum: 'eba4f5da9c0dc999de68032d8b4f76173652036b',
168 silly install resolved     _from: 'source-map@>=0.4.4 <0.5.0',
168 silly install resolved     _npmVersion: '1.4.9',
168 silly install resolved     _npmUser: { name: 'nickfitzgerald', email: 'fitzgen@gmail.com' },
168 silly install resolved     maintainers: [ [Object], [Object], [Object] ],
168 silly install resolved     dist:
168 silly install resolved      { shasum: 'eba4f5da9c0dc999de68032d8b4f76173652036b',
168 silly install resolved        tarball: 'https://registry.npmjs.org/source-map/-/source-map-0.4.4.tgz' },
168 silly install resolved     _resolved: 'https://registry.npmjs.org/source-map/-/source-map-0.4.4.tgz',
168 silly install resolved     readme: 'ERROR: No README data found!' },
168 silly install resolved   { name: 'react-hot-api',
168 silly install resolved     version: '0.4.7',
168 silly install resolved     description: 'A generic library implementing hot reload for React components without unmounting or losing their state.',
168 silly install resolved     main: 'modules/index.js',
168 silly install resolved     scripts: { build: './scripts/build' },
168 silly install resolved     repository:
168 silly install resolved      { type: 'git',
168 silly install resolved        url: 'git+https://github.com/gaearon/react-hot-api.git' },
168 silly install resolved     author:
168 silly install resolved      { name: 'Dan Abramov',
168 silly install resolved        email: 'dan.abramov@me.com',
168 silly install resolved        url: 'http://github.com/gaearon' },
168 silly install resolved     license: 'MIT',
168 silly install resolved     bugs: { url: 'https://github.com/gaearon/react-hot-api/issues' },
168 silly install resolved     homepage: 'https://github.com/gaearon/react-hot-api',
168 silly install resolved     peerDependencies: { react: '>=0.11.0 || ^0.14.0-rc' },
168 silly install resolved     devDependencies: { webpack: '1.4.8' },
168 silly install resolved     gitHead: '43475e8fd8175fbcd32446d25a1139e9f00f0b28',
168 silly install resolved     _id: 'react-hot-api@0.4.7',
168 silly install resolved     _shasum: 'a7e22a56d252e11abd9366b61264cf4492c58171',
168 silly install resolved     _from: 'react-hot-api@>=0.4.5 <0.5.0',
168 silly install resolved     _npmVersion: '3.3.3',
168 silly install resolved     _nodeVersion: '2.2.1',
168 silly install resolved     _npmUser: { name: 'gaearon', email: 'dan.abramov@gmail.com' },
168 silly install resolved     dist:
168 silly install resolved      { shasum: 'a7e22a56d252e11abd9366b61264cf4492c58171',
168 silly install resolved        tarball: 'https://registry.npmjs.org/react-hot-api/-/react-hot-api-0.4.7.tgz' },
168 silly install resolved     maintainers: [ [Object] ],
168 silly install resolved     directories: {},
168 silly install resolved     _resolved: 'https://registry.npmjs.org/react-hot-api/-/react-hot-api-0.4.7.tgz',
168 silly install resolved     readme: 'ERROR: No README data found!' } ]
169 info install source-map@0.4.4 into /Users/jondubya/Desktop/c4q/week-20/mosquito-app/node_modules/react-hot-loader
170 info install react-hot-api@0.4.7 into /Users/jondubya/Desktop/c4q/week-20/mosquito-app/node_modules/react-hot-loader
171 info installOne source-map@0.4.4
172 verbose installOne of source-map to /Users/jondubya/Desktop/c4q/week-20/mosquito-app/node_modules/react-hot-loader not in flight; installing
173 verbose correctMkdir /Users/jondubya/.npm/_locks correctMkdir not in flight; initializing
174 info installOne react-hot-api@0.4.7
175 verbose installOne of react-hot-api to /Users/jondubya/Desktop/c4q/week-20/mosquito-app/node_modules/react-hot-loader not in flight; installing
176 verbose correctMkdir /Users/jondubya/.npm/_locks correctMkdir not in flight; initializing
177 verbose lock using /Users/jondubya/.npm/_locks/source-map-fe309f1cd28fbbb6.lock for /Users/jondubya/Desktop/c4q/week-20/mosquito-app/node_modules/react-hot-loader/node_modules/source-map
178 silly install write writing source-map 0.4.4 to /Users/jondubya/Desktop/c4q/week-20/mosquito-app/node_modules/react-hot-loader/node_modules/source-map
179 verbose lock using /Users/jondubya/.npm/_locks/react-hot-api-a266e15efea581d1.lock for /Users/jondubya/Desktop/c4q/week-20/mosquito-app/node_modules/react-hot-loader/node_modules/react-hot-api
180 silly install write writing react-hot-api 0.4.7 to /Users/jondubya/Desktop/c4q/week-20/mosquito-app/node_modules/react-hot-loader/node_modules/react-hot-api
181 verbose unbuild node_modules/react-hot-loader/node_modules/source-map
182 verbose unbuild node_modules/react-hot-loader/node_modules/react-hot-api
183 silly gentlyRm /Users/jondubya/Desktop/c4q/week-20/mosquito-app/node_modules/react-hot-loader/node_modules/source-map is being purged from base /Users/jondubya/Desktop/c4q/week-20/mosquito-app
184 verbose gentlyRm don't care about contents; nuking /Users/jondubya/Desktop/c4q/week-20/mosquito-app/node_modules/react-hot-loader/node_modules/source-map
185 verbose tar unpack /Users/jondubya/.npm/source-map/0.4.4/package.tgz
186 verbose tar unpacking to /Users/jondubya/Desktop/c4q/week-20/mosquito-app/node_modules/react-hot-loader/node_modules/source-map
187 silly gentlyRm /Users/jondubya/Desktop/c4q/week-20/mosquito-app/node_modules/react-hot-loader/node_modules/source-map is being purged
188 verbose gentlyRm don't care about contents; nuking /Users/jondubya/Desktop/c4q/week-20/mosquito-app/node_modules/react-hot-loader/node_modules/source-map
189 silly gentlyRm /Users/jondubya/Desktop/c4q/week-20/mosquito-app/node_modules/react-hot-loader/node_modules/react-hot-api is being purged from base /Users/jondubya/Desktop/c4q/week-20/mosquito-app
190 verbose gentlyRm don't care about contents; nuking /Users/jondubya/Desktop/c4q/week-20/mosquito-app/node_modules/react-hot-loader/node_modules/react-hot-api
191 silly gunzTarPerm modes [ '755', '644' ]
192 verbose tar unpack /Users/jondubya/.npm/react-hot-api/0.4.7/package.tgz
193 verbose tar unpacking to /Users/jondubya/Desktop/c4q/week-20/mosquito-app/node_modules/react-hot-loader/node_modules/react-hot-api
194 silly gentlyRm /Users/jondubya/Desktop/c4q/week-20/mosquito-app/node_modules/react-hot-loader/node_modules/react-hot-api is being purged
195 verbose gentlyRm don't care about contents; nuking /Users/jondubya/Desktop/c4q/week-20/mosquito-app/node_modules/react-hot-loader/node_modules/react-hot-api
196 silly gunzTarPerm modes [ '755', '644' ]
197 silly gunzTarPerm extractEntry package.json
198 silly gunzTarPerm extractEntry package.json
199 silly gunzTarPerm extractEntry README.md
200 silly gunzTarPerm extractEntry build/assert-shim.js
201 silly gunzTarPerm extractEntry .npmignore
202 silly gunzTarPerm extractEntry README.md
203 silly gunzTarPerm extractEntry build/mini-require.js
204 silly gunzTarPerm extractEntry build/suffix-browser.js
205 silly gunzTarPerm extractEntry webpack.config.js
206 silly gunzTarPerm extractEntry .jshintrc
207 silly gunzTarPerm extractEntry dist/ReactHotAPI.js
208 silly gunzTarPerm extractEntry modules/bindAutoBindMethods.js
209 silly gunzTarPerm extractEntry modules/deepForceUpdate.js
210 silly gunzTarPerm extractEntry modules/index.js
211 silly gunzTarPerm extractEntry modules/makeAssimilatePrototype.js
212 silly gunzTarPerm extractEntry modules/makeMakeHot.js
213 silly gunzTarPerm extractEntry modules/makePatchReactClass.js
214 silly gunzTarPerm extractEntry modules/requestForceUpdateAll.js
215 silly gunzTarPerm extractEntry modules/traverseRenderedChildren.js
216 silly gunzTarPerm extractEntry scripts/build
217 silly gunzTarPerm extractEntry build/test-prefix.js
218 silly gunzTarPerm extractEntry build/test-suffix.js
219 silly gunzTarPerm extractEntry build/prefix-source-map.jsm
220 silly gunzTarPerm extractEntry build/prefix-utils.jsm
221 silly gunzTarPerm extractEntry build/suffix-source-map.jsm
222 silly gunzTarPerm extractEntry build/suffix-utils.jsm
223 silly gunzTarPerm extractEntry lib/source-map.js
224 silly gunzTarPerm extractEntry lib/source-map/array-set.js
225 silly gunzTarPerm extractEntry lib/source-map/base64-vlq.js
226 silly gunzTarPerm extractEntry lib/source-map/base64.js
227 silly gunzTarPerm extractEntry lib/source-map/binary-search.js
228 silly gunzTarPerm extractEntry lib/source-map/mapping-list.js
229 silly gunzTarPerm extractEntry lib/source-map/quick-sort.js
230 silly gunzTarPerm extractEntry lib/source-map/source-map-consumer.js
231 silly gunzTarPerm extractEntry lib/source-map/source-map-generator.js
232 silly gunzTarPerm extractEntry lib/source-map/source-node.js
233 silly gunzTarPerm extractEntry lib/source-map/util.js
234 verbose write writing to /Users/jondubya/Desktop/c4q/week-20/mosquito-app/node_modules/react-hot-loader/node_modules/react-hot-api/package.json
235 info preinstall react-hot-api@0.4.7
236 verbose readDependencies loading dependencies from /Users/jondubya/Desktop/c4q/week-20/mosquito-app/node_modules/react-hot-loader/node_modules/react-hot-api/package.json
237 verbose readDependencies loading dependencies from /Users/jondubya/Desktop/c4q/week-20/mosquito-app/node_modules/react-hot-loader/node_modules/react-hot-api/package.json
238 silly install resolved []
239 verbose about to build /Users/jondubya/Desktop/c4q/week-20/mosquito-app/node_modules/react-hot-loader/node_modules/react-hot-api
240 info build /Users/jondubya/Desktop/c4q/week-20/mosquito-app/node_modules/react-hot-loader/node_modules/react-hot-api
241 info linkStuff react-hot-api@0.4.7
242 silly linkStuff react-hot-api@0.4.7 has /Users/jondubya/Desktop/c4q/week-20/mosquito-app/node_modules/react-hot-loader/node_modules as its parent node_modules
243 verbose linkBins react-hot-api@0.4.7
244 verbose linkMans react-hot-api@0.4.7
245 verbose rebuildBundles react-hot-api@0.4.7
246 info install react-hot-api@0.4.7
247 info postinstall react-hot-api@0.4.7
248 verbose unlock done using /Users/jondubya/.npm/_locks/react-hot-api-a266e15efea581d1.lock for /Users/jondubya/Desktop/c4q/week-20/mosquito-app/node_modules/react-hot-loader/node_modules/react-hot-api
249 verbose write writing to /Users/jondubya/Desktop/c4q/week-20/mosquito-app/node_modules/react-hot-loader/node_modules/source-map/package.json
250 info preinstall source-map@0.4.4
251 verbose readDependencies loading dependencies from /Users/jondubya/Desktop/c4q/week-20/mosquito-app/node_modules/react-hot-loader/node_modules/source-map/package.json
252 silly prepareForInstallMany adding amdefine@>=0.0.4 from source-map dependencies
253 verbose readDependencies loading dependencies from /Users/jondubya/Desktop/c4q/week-20/mosquito-app/node_modules/react-hot-loader/node_modules/source-map/package.json
254 silly cache add args [ 'amdefine@>=0.0.4', null ]
255 verbose cache add spec amdefine@>=0.0.4
256 silly cache add parsed spec Result {
256 silly cache add   raw: 'amdefine@>=0.0.4',
256 silly cache add   scope: null,
256 silly cache add   name: 'amdefine',
256 silly cache add   rawSpec: '>=0.0.4',
256 silly cache add   spec: '>=0.0.4',
256 silly cache add   type: 'range' }
257 silly addNamed amdefine@>=0.0.4
258 verbose addNamed ">=0.0.4" is a valid semver range for amdefine
259 silly addNameRange { name: 'amdefine', range: '>=0.0.4', hasData: false }
260 silly mapToRegistry name amdefine
261 silly mapToRegistry using default registry
262 silly mapToRegistry registry https://registry.npmjs.org/
263 silly mapToRegistry data Result {
263 silly mapToRegistry   raw: 'amdefine',
263 silly mapToRegistry   scope: null,
263 silly mapToRegistry   name: 'amdefine',
263 silly mapToRegistry   rawSpec: '',
263 silly mapToRegistry   spec: 'latest',
263 silly mapToRegistry   type: 'tag' }
264 silly mapToRegistry uri https://registry.npmjs.org/amdefine
265 verbose addNameRange registry:https://registry.npmjs.org/amdefine not in flight; fetching
266 verbose request uri https://registry.npmjs.org/amdefine
267 verbose request no auth needed
268 info attempt registry request try #1 at 9:11:42 PM
269 verbose etag W/"58197303-489f"
270 verbose lastModified Wed, 02 Nov 2016 05:00:51 GMT
271 http request GET https://registry.npmjs.org/amdefine
272 http 304 https://registry.npmjs.org/amdefine
273 verbose headers { date: 'Tue, 27 Dec 2016 02:11:42 GMT',
273 verbose headers   via: '1.1 varnish',
273 verbose headers   'cache-control': 'max-age=300',
273 verbose headers   etag: 'W/"58197303-489f"',
273 verbose headers   age: '4',
273 verbose headers   connection: 'keep-alive',
273 verbose headers   'x-served-by': 'cache-jfk8141-JFK',
273 verbose headers   'x-cache': 'HIT',
273 verbose headers   'x-cache-hits': '1',
273 verbose headers   'x-timer': 'S1482804702.076335,VS0,VE0',
273 verbose headers   vary: 'Accept-Encoding' }
274 silly get cb [ 304,
274 silly get   { date: 'Tue, 27 Dec 2016 02:11:42 GMT',
274 silly get     via: '1.1 varnish',
274 silly get     'cache-control': 'max-age=300',
274 silly get     etag: 'W/"58197303-489f"',
274 silly get     age: '4',
274 silly get     connection: 'keep-alive',
274 silly get     'x-served-by': 'cache-jfk8141-JFK',
274 silly get     'x-cache': 'HIT',
274 silly get     'x-cache-hits': '1',
274 silly get     'x-timer': 'S1482804702.076335,VS0,VE0',
274 silly get     vary: 'Accept-Encoding' } ]
275 verbose etag https://registry.npmjs.org/amdefine from cache
276 verbose get saving amdefine to /Users/jondubya/.npm/registry.npmjs.org/amdefine/.cache.json
277 verbose correctMkdir /Users/jondubya/.npm correctMkdir not in flight; initializing
278 silly addNameRange number 2 { name: 'amdefine', range: '>=0.0.4', hasData: true }
279 silly addNameRange versions [ 'amdefine',
279 silly addNameRange   [ '0.0.1',
279 silly addNameRange     '0.0.2',
279 silly addNameRange     '0.0.3',
279 silly addNameRange     '0.0.4',
279 silly addNameRange     '0.0.5',
279 silly addNameRange     '0.0.6',
279 silly addNameRange     '0.0.7',
279 silly addNameRange     '0.0.8',
279 silly addNameRange     '0.1.0',
279 silly addNameRange     '0.1.1',
279 silly addNameRange     '1.0.0',
279 silly addNameRange     '1.0.1' ] ]
280 silly addNamed amdefine@1.0.1
281 verbose addNamed "1.0.1" is a plain semver version for amdefine
282 silly cache afterAdd amdefine@1.0.1
283 verbose afterAdd /Users/jondubya/.npm/amdefine/1.0.1/package/package.json not in flight; writing
284 verbose correctMkdir /Users/jondubya/.npm correctMkdir not in flight; initializing
285 verbose afterAdd /Users/jondubya/.npm/amdefine/1.0.1/package/package.json written
286 silly install resolved [ { name: 'amdefine',
286 silly install resolved     description: 'Provide AMD\'s define() API for declaring modules in the AMD format',
286 silly install resolved     version: '1.0.1',
286 silly install resolved     homepage: 'http://github.com/jrburke/amdefine',
286 silly install resolved     author:
286 silly install resolved      { name: 'James Burke',
286 silly install resolved        email: 'jrburke@gmail.com',
286 silly install resolved        url: 'http://github.com/jrburke' },
286 silly install resolved     license: 'BSD-3-Clause OR MIT',
286 silly install resolved     repository:
286 silly install resolved      { type: 'git',
286 silly install resolved        url: 'git+https://github.com/jrburke/amdefine.git' },
286 silly install resolved     main: './amdefine.js',
286 silly install resolved     engines: { node: '>=0.4.2' },
286 silly install resolved     gitHead: 'e59edc9da24404ec7937098e3992f8fb0e260be7',
286 silly install resolved     bugs: { url: 'https://github.com/jrburke/amdefine/issues' },
286 silly install resolved     _id: 'amdefine@1.0.1',
286 silly install resolved     scripts: {},
286 silly install resolved     _shasum: '4a5282ac164729e93619bcfd3ad151f817ce91f5',
286 silly install resolved     _from: 'amdefine@>=0.0.4',
286 silly install resolved     _npmVersion: '3.10.3',
286 silly install resolved     _nodeVersion: '6.7.0',
286 silly install resolved     _npmUser: { name: 'jrburke', email: 'jrburke@gmail.com' },
286 silly install resolved     dist:
286 silly install resolved      { shasum: '4a5282ac164729e93619bcfd3ad151f817ce91f5',
286 silly install resolved        tarball: 'https://registry.npmjs.org/amdefine/-/amdefine-1.0.1.tgz' },
286 silly install resolved     maintainers: [ [Object] ],
286 silly install resolved     _npmOperationalInternal:
286 silly install resolved      { host: 'packages-18-east.internal.npmjs.com',
286 silly install resolved        tmp: 'tmp/amdefine-1.0.1.tgz_1478062849665_0.19916908955201507' },
286 silly install resolved     directories: {},
286 silly install resolved     _resolved: 'https://registry.npmjs.org/amdefine/-/amdefine-1.0.1.tgz',
286 silly install resolved     readme: 'ERROR: No README data found!' } ]
287 info install amdefine@1.0.1 into /Users/jondubya/Desktop/c4q/week-20/mosquito-app/node_modules/react-hot-loader/node_modules/source-map
288 info installOne amdefine@1.0.1
289 verbose installOne of amdefine to /Users/jondubya/Desktop/c4q/week-20/mosquito-app/node_modules/react-hot-loader/node_modules/source-map not in flight; installing
290 verbose correctMkdir /Users/jondubya/.npm/_locks correctMkdir not in flight; initializing
291 verbose lock using /Users/jondubya/.npm/_locks/amdefine-6f6e2353e6372c03.lock for /Users/jondubya/Desktop/c4q/week-20/mosquito-app/node_modules/react-hot-loader/node_modules/source-map/node_modules/amdefine
292 silly install write writing amdefine 1.0.1 to /Users/jondubya/Desktop/c4q/week-20/mosquito-app/node_modules/react-hot-loader/node_modules/source-map/node_modules/amdefine
293 verbose unbuild node_modules/react-hot-loader/node_modules/source-map/node_modules/amdefine
294 silly gentlyRm /Users/jondubya/Desktop/c4q/week-20/mosquito-app/node_modules/react-hot-loader/node_modules/source-map/node_modules/amdefine is being purged from base /Users/jondubya/Desktop/c4q/week-20/mosquito-app
295 verbose gentlyRm don't care about contents; nuking /Users/jondubya/Desktop/c4q/week-20/mosquito-app/node_modules/react-hot-loader/node_modules/source-map/node_modules/amdefine
296 verbose tar unpack /Users/jondubya/.npm/amdefine/1.0.1/package.tgz
297 verbose tar unpacking to /Users/jondubya/Desktop/c4q/week-20/mosquito-app/node_modules/react-hot-loader/node_modules/source-map/node_modules/amdefine
298 silly gentlyRm /Users/jondubya/Desktop/c4q/week-20/mosquito-app/node_modules/react-hot-loader/node_modules/source-map/node_modules/amdefine is being purged
299 verbose gentlyRm don't care about contents; nuking /Users/jondubya/Desktop/c4q/week-20/mosquito-app/node_modules/react-hot-loader/node_modules/source-map/node_modules/amdefine
300 silly gunzTarPerm modes [ '755', '644' ]
301 silly gunzTarPerm extractEntry package.json
302 silly gunzTarPerm extractEntry README.md
303 silly gunzTarPerm extractEntry LICENSE
304 silly gunzTarPerm extractEntry amdefine.js
305 silly gunzTarPerm extractEntry intercept.js
306 verbose write writing to /Users/jondubya/Desktop/c4q/week-20/mosquito-app/node_modules/react-hot-loader/node_modules/source-map/node_modules/amdefine/package.json
307 info preinstall amdefine@1.0.1
308 verbose readDependencies loading dependencies from /Users/jondubya/Desktop/c4q/week-20/mosquito-app/node_modules/react-hot-loader/node_modules/source-map/node_modules/amdefine/package.json
309 verbose readDependencies loading dependencies from /Users/jondubya/Desktop/c4q/week-20/mosquito-app/node_modules/react-hot-loader/node_modules/source-map/node_modules/amdefine/package.json
310 silly install resolved []
311 verbose about to build /Users/jondubya/Desktop/c4q/week-20/mosquito-app/node_modules/react-hot-loader/node_modules/source-map/node_modules/amdefine
312 info build /Users/jondubya/Desktop/c4q/week-20/mosquito-app/node_modules/react-hot-loader/node_modules/source-map/node_modules/amdefine
313 info linkStuff amdefine@1.0.1
314 silly linkStuff amdefine@1.0.1 has /Users/jondubya/Desktop/c4q/week-20/mosquito-app/node_modules/react-hot-loader/node_modules/source-map/node_modules as its parent node_modules
315 verbose linkBins amdefine@1.0.1
316 verbose linkMans amdefine@1.0.1
317 verbose rebuildBundles amdefine@1.0.1
318 info install amdefine@1.0.1
319 info postinstall amdefine@1.0.1
320 verbose unlock done using /Users/jondubya/.npm/_locks/amdefine-6f6e2353e6372c03.lock for /Users/jondubya/Desktop/c4q/week-20/mosquito-app/node_modules/react-hot-loader/node_modules/source-map/node_modules/amdefine
321 verbose about to build /Users/jondubya/Desktop/c4q/week-20/mosquito-app/node_modules/react-hot-loader/node_modules/source-map
322 info build /Users/jondubya/Desktop/c4q/week-20/mosquito-app/node_modules/react-hot-loader/node_modules/source-map
323 info linkStuff source-map@0.4.4
324 silly linkStuff source-map@0.4.4 has /Users/jondubya/Desktop/c4q/week-20/mosquito-app/node_modules/react-hot-loader/node_modules as its parent node_modules
325 verbose linkBins source-map@0.4.4
326 verbose linkMans source-map@0.4.4
327 verbose rebuildBundles source-map@0.4.4
328 verbose rebuildBundles [ 'amdefine' ]
329 info install source-map@0.4.4
330 info postinstall source-map@0.4.4
331 verbose unlock done using /Users/jondubya/.npm/_locks/source-map-fe309f1cd28fbbb6.lock for /Users/jondubya/Desktop/c4q/week-20/mosquito-app/node_modules/react-hot-loader/node_modules/source-map
332 verbose about to build /Users/jondubya/Desktop/c4q/week-20/mosquito-app/node_modules/react-hot-loader
333 info build /Users/jondubya/Desktop/c4q/week-20/mosquito-app/node_modules/react-hot-loader
334 info linkStuff react-hot-loader@1.3.1
335 silly linkStuff react-hot-loader@1.3.1 has /Users/jondubya/Desktop/c4q/week-20/mosquito-app/node_modules as its parent node_modules
336 verbose linkBins react-hot-loader@1.3.1
337 verbose linkMans react-hot-loader@1.3.1
338 verbose rebuildBundles react-hot-loader@1.3.1
339 verbose rebuildBundles [ 'react-hot-api', 'source-map' ]
340 info install react-hot-loader@1.3.1
341 info postinstall react-hot-loader@1.3.1
342 verbose unlock done using /Users/jondubya/.npm/_locks/react-hot-loader-e3a030a80571b598.lock for /Users/jondubya/Desktop/c4q/week-20/mosquito-app/node_modules/react-hot-loader
343 verbose validateInstall loading /Users/jondubya/Desktop/c4q/week-20/mosquito-app/package.json for validation
344 verbose stack Error: The package react@15.4.1 does not satisfy its siblings' peerDependencies requirements!
344 verbose stack     at /usr/local/lib/node_modules/npm/lib/install.js:125:32
344 verbose stack     at /usr/local/lib/node_modules/npm/lib/install.js:268:7
344 verbose stack     at /usr/local/lib/node_modules/npm/node_modules/read-installed/read-installed.js:142:5
344 verbose stack     at /usr/local/lib/node_modules/npm/node_modules/read-installed/read-installed.js:263:14
344 verbose stack     at cb (/usr/local/lib/node_modules/npm/node_modules/slide/lib/async-map.js:47:24)
344 verbose stack     at /usr/local/lib/node_modules/npm/node_modules/read-installed/read-installed.js:263:14
344 verbose stack     at cb (/usr/local/lib/node_modules/npm/node_modules/slide/lib/async-map.js:47:24)
344 verbose stack     at /usr/local/lib/node_modules/npm/node_modules/read-installed/read-installed.js:263:14
344 verbose stack     at cb (/usr/local/lib/node_modules/npm/node_modules/slide/lib/async-map.js:47:24)
344 verbose stack     at /usr/local/lib/node_modules/npm/node_modules/read-installed/read-installed.js:263:14
345 verbose cwd /Users/jondubya/Desktop/c4q/week-20/mosquito-app
346 error Darwin 15.6.0
347 error argv "/usr/local/bin/node" "/usr/local/bin/npm" "install" "--save-dev" "react-hot-loader"
348 error node v4.5.0
349 error npm  v2.15.9
350 error code EPEERINVALID
351 error peerinvalid The package react@15.4.1 does not satisfy its siblings' peerDependencies requirements!
351 error peerinvalid Peer react-dom@15.4.1 wants react@^15.4.1
351 error peerinvalid Peer react-router@3.0.0 wants react@^0.14.0 || ^15.0.0
351 error peerinvalid Peer react-canvas@1.2.1 wants react@^0.14.0
352 verbose exit [ 1, true ]
